Change Component Comment : Designator=C0 Old Comment=870055673001 New Comment=10uF
Change Component Comment : Designator=C1 Old Comment=CD15ED300JO3F New Comment=30pF
Change Component Comment : Designator=C2 Old Comment=CD15ED300JO3F New Comment=30pF
Change Component Designator: OldDesignator=16Mhz NewDesignator=Crystal 16Mhz
Change Component Designator: OldDesignator=U? NewDesignator=Micro Controller
Change Component Description : Designator=C0 Old Description=No Description Available New Description=10uF
Change Component Description : Designator=C1 Old Description=No Description Available New Description=CD15ED300JO3F
Change Component Description : Designator=C2 Old Description=No Description Available New Description=CD15ED300JO3F
Added Component: Designator=R(RES_TYCO_YR1_TYC)
Add component (AddParameter): Name = "Mfr_Name"; Value = "TE Connectivity"; VariantName = "[No Variations]"
Add component (AddParameter): Name = "RefDes"; Value = ""; VariantName = "[No Variations]"
Add component (AddParameter): Name = "Type"; Value = ""; VariantName = "[No Variations]"
Added Pin To Net: NetName=+5 Pin=R-2
Added Pin To Net: NetName=NetC1_1 Pin=C1-1
Added Pin To Net: NetName=NetC1_1 Pin=Crystal 16Mhz-1
Added Pin To Net: NetName=NetC1_1 Pin=Micro Controller-9
Added Net: Name=NetC1_1
Added Pin To Net: NetName=NetC2_1 Pin=C2-1
Added Pin To Net: NetName=NetC2_1 Pin=Crystal 16Mhz-2
Added Pin To Net: NetName=NetC2_1 Pin=Micro Controller-10
Added Net: Name=NetC2_1
Added Pin To Net: NetName=NetMicro Controller_1 Pin=Micro Controller-1
Added Pin To Net: NetName=NetMicro Controller_1 Pin=R-1
Added Net: Name=NetMicro Controller_1
Added Member To Class: ClassName=Sheet1 Member=Component C0 10uF
Added Member To Class: ClassName=Sheet1 Member=Component C1 30pF
Added Member To Class: ClassName=Sheet1 Member=Component C2 30pF
Added Member To Class: ClassName=Sheet1 Member=Component Crystal 16Mhz FOXSLF/160-20
Added Member To Class: ClassName=Sheet1 Member=Component Micro Controller ATmega328-PU
Added Member To Class: ClassName=Sheet1 Member=Component R 10K
